2020-10-14 08:51:01.005  INFO 5848 --- [main] com.inet.HcyApplicationTests             : Starting HcyApplicationTests on DESKTOP-TSJVEJ5 with PID 5848 (started by Administrator in D:\3. javaEE\EasyPOI\spring-boot-easy-poi-two)
2020-10-14 08:51:01.026 DEBUG 5848 --- [main] com.inet.HcyApplicationTests             : Running with Spring Boot v2.3.4.RELEASE, Spring v5.2.9.RELEASE
2020-10-14 08:51:01.026  INFO 5848 --- [main] com.inet.HcyApplicationTests             : No active profile set, falling back to default profiles: default
2020-10-14 08:51:02.857  INFO 5848 --- [main] com.inet.HcyApplicationTests             : Started HcyApplicationTests in 2.246 seconds (JVM running for 3.274)
2020-10-14 08:51:03.600 DEBUG 5848 --- [main] c.i.c.mapper.UserMapper.selectList       : ==>  Preparing: SELECT user_id,user_address,user_habby,user_identity,user_name,user_birthday FROM tbl_user
2020-10-14 08:51:03.618 DEBUG 5848 --- [main] c.i.c.mapper.UserMapper.selectList       : ==> Parameters: 
2020-10-14 08:51:49.764  INFO 2336 --- [main] com.inet.HcyApplicationTests             : Starting HcyApplicationTests on DESKTOP-TSJVEJ5 with PID 2336 (started by Administrator in D:\3. javaEE\EasyPOI\spring-boot-easy-poi-two)
2020-10-14 08:51:49.765 DEBUG 2336 --- [main] com.inet.HcyApplicationTests             : Running with Spring Boot v2.3.4.RELEASE, Spring v5.2.9.RELEASE
2020-10-14 08:51:49.765  INFO 2336 --- [main] com.inet.HcyApplicationTests             : No active profile set, falling back to default profiles: default
2020-10-14 08:51:51.336  INFO 2336 --- [main] com.inet.HcyApplicationTests             : Started HcyApplicationTests in 1.801 seconds (JVM running for 2.529)
2020-10-14 08:51:51.891 DEBUG 2336 --- [main] c.i.c.mapper.UserMapper.selectList       : ==>  Preparing: SELECT user_id,user_address,user_habby,user_identity,user_name,user_birthday FROM tbl_user
2020-10-14 08:51:51.909 DEBUG 2336 --- [main] c.i.c.mapper.UserMapper.selectList       : ==> Parameters: 
2020-10-14 08:51:51.952 DEBUG 2336 --- [main] c.i.c.mapper.UserMapper.selectList       : <==      Total: 2
2020-10-14 12:50:31.184  INFO 8516 --- [main] com.inet.HcyApplicationTests             : Starting HcyApplicationTests on DESKTOP-TSJVEJ5 with PID 8516 (started by Administrator in D:\3. javaEE\EasyPOI\spring-boot-easy-poi-two)
2020-10-14 12:50:31.185 DEBUG 8516 --- [main] com.inet.HcyApplicationTests             : Running with Spring Boot v2.3.4.RELEASE, Spring v5.2.9.RELEASE
2020-10-14 12:50:31.185  INFO 8516 --- [main] com.inet.HcyApplicationTests             : No active profile set, falling back to default profiles: default
2020-10-14 12:50:32.777  INFO 8516 --- [main] com.inet.HcyApplicationTests             : Started HcyApplicationTests in 1.847 seconds (JVM running for 2.637)
2020-10-14 12:50:32.934 ERROR 8516 --- [main] c.a.easypoi.excel.ExcelImportUtil        : C:\Users\Administrator.DESKTOP-TSJVEJ5\Desktop\test (拒绝访问。)

java.io.FileNotFoundException: C:\Users\Administrator.DESKTOP-TSJVEJ5\Desktop\test (拒绝访问。)
	at java.io.FileInputStream.open0(Native Method) ~[na:1.8.0_131]
	at java.io.FileInputStream.open(FileInputStream.java:195) ~[na:1.8.0_131]
	at java.io.FileInputStream.<init>(FileInputStream.java:138) ~[na:1.8.0_131]
	at cn.afterturn.easypoi.excel.ExcelImportUtil.importExcel(ExcelImportUtil.java:61) ~[easypoi-base-3.3.0.jar:na]
	at com.inet.HcyApplicationTests.contextLoads1(HcyApplicationTests.java:43) [test-classes/:na]
	at sun.reflect.NativeMethodAccessorImpl.invoke0(Native Method) ~[na:1.8.0_131]
	at sun.reflect.NativeMethodAccessorImpl.invoke(NativeMethodAccessorImpl.java:62) ~[na:1.8.0_131]
	at sun.reflect.DelegatingMethodAccessorImpl.invoke(DelegatingMethodAccessorImpl.java:43) ~[na:1.8.0_131]
	at java.lang.reflect.Method.invoke(Method.java:498) ~[na:1.8.0_131]
	at org.junit.platform.commons.util.ReflectionUtils.invokeMethod(ReflectionUtils.java:686) [junit-platform-commons-1.6.2.jar:1.6.2]
	at org.junit.jupiter.engine.execution.MethodInvocation.proceed(MethodInvocation.java:60) [junit-jupiter-engine-5.6.2.jar:5.6.2]
	at org.junit.jupiter.engine.execution.InvocationInterceptorChain$ValidatingInvocation.proceed(InvocationInterceptorChain.java:131) [junit-jupiter-engine-5.6.2.jar:5.6.2]
	at org.junit.jupiter.engine.extension.TimeoutExtension.intercept(TimeoutExtension.java:149) [junit-jupiter-engine-5.6.2.jar:5.6.2]
	at org.junit.jupiter.engine.extension.TimeoutExtension.interceptTestableMethod(TimeoutExtension.java:140) [junit-jupiter-engine-5.6.2.jar:5.6.2]
	at org.junit.jupiter.engine.extension.TimeoutExtension.interceptTestMethod(TimeoutExtension.java:84) [junit-jupiter-engine-5.6.2.jar:5.6.2]
	at org.junit.jupiter.engine.execution.ExecutableInvoker$ReflectiveInterceptorCall.lambda$ofVoidMethod$0(ExecutableInvoker.java:115) ~[junit-jupiter-engine-5.6.2.jar:5.6.2]
	at org.junit.jupiter.engine.execution.ExecutableInvoker.lambda$invoke$0(ExecutableInvoker.java:105) ~[junit-jupiter-engine-5.6.2.jar:5.6.2]
	at org.junit.jupiter.engine.execution.InvocationInterceptorChain$InterceptedInvocation.proceed(InvocationInterceptorChain.java:106) ~[junit-jupiter-engine-5.6.2.jar:5.6.2]
	at org.junit.jupiter.engine.execution.InvocationInterceptorChain.proceed(InvocationInterceptorChain.java:64) ~[junit-jupiter-engine-5.6.2.jar:5.6.2]
	at org.junit.jupiter.engine.execution.InvocationInterceptorChain.chainAndInvoke(InvocationInterceptorChain.java:45) ~[junit-jupiter-engine-5.6.2.jar:5.6.2]
	at org.junit.jupiter.engine.execution.InvocationInterceptorChain.invoke(InvocationInterceptorChain.java:37) ~[junit-jupiter-engine-5.6.2.jar:5.6.2]
	at org.junit.jupiter.engine.execution.ExecutableInvoker.invoke(ExecutableInvoker.java:104) ~[junit-jupiter-engine-5.6.2.jar:5.6.2]
	at org.junit.jupiter.engine.execution.ExecutableInvoker.invoke(ExecutableInvoker.java:98) ~[junit-jupiter-engine-5.6.2.jar:5.6.2]
	at org.junit.jupiter.engine.descriptor.TestMethodTestDescriptor.lambda$invokeTestMethod$6(TestMethodTestDescriptor.java:212) ~[junit-jupiter-engine-5.6.2.jar:5.6.2]
	at org.junit.platform.engine.support.hierarchical.ThrowableCollector.execute(ThrowableCollector.java:73) ~[junit-platform-engine-1.6.2.jar:1.6.2]
	at org.junit.jupiter.engine.descriptor.TestMethodTestDescriptor.invokeTestMethod(TestMethodTestDescriptor.java:208) ~[junit-jupiter-engine-5.6.2.jar:5.6.2]
	at org.junit.jupiter.engine.descriptor.TestMethodTestDescriptor.execute(TestMethodTestDescriptor.java:137) ~[junit-jupiter-engine-5.6.2.jar:5.6.2]
	at org.junit.jupiter.engine.descriptor.TestMethodTestDescriptor.execute(TestMethodTestDescriptor.java:71) ~[junit-jupiter-engine-5.6.2.jar:5.6.2]
	at org.junit.platform.engine.support.hierarchical.NodeTestTask.lambda$executeRecursively$5(NodeTestTask.java:135) ~[junit-platform-engine-1.6.2.jar:1.6.2]
	at org.junit.platform.engine.support.hierarchical.ThrowableCollector.execute(ThrowableCollector.java:73) ~[junit-platform-engine-1.6.2.jar:1.6.2]
	at org.junit.platform.engine.support.hierarchical.NodeTestTask.lambda$executeRecursively$7(NodeTestTask.java:125) ~[junit-platform-engine-1.6.2.jar:1.6.2]
	at org.junit.platform.engine.support.hierarchical.Node.around(Node.java:135) ~[junit-platform-engine-1.6.2.jar:1.6.2]
	at org.junit.platform.engine.support.hierarchical.NodeTestTask.lambda$executeRecursively$8(NodeTestTask.java:123) ~[junit-platform-engine-1.6.2.jar:1.6.2]
	at org.junit.platform.engine.support.hierarchical.ThrowableCollector.execute(ThrowableCollector.java:73) ~[junit-platform-engine-1.6.2.jar:1.6.2]
	at org.junit.platform.engine.support.hierarchical.NodeTestTask.executeRecursively(NodeTestTask.java:122) ~[junit-platform-engine-1.6.2.jar:1.6.2]
	at org.junit.platform.engine.support.hierarchical.NodeTestTask.execute(NodeTestTask.java:80) ~[junit-platform-engine-1.6.2.jar:1.6.2]
	at java.util.ArrayList.forEach(ArrayList.java:1249) ~[na:1.8.0_131]
	at org.junit.platform.engine.support.hierarchical.SameThreadHierarchicalTestExecutorService.invokeAll(SameThreadHierarchicalTestExecutorService.java:38) ~[junit-platform-engine-1.6.2.jar:1.6.2]
	at org.junit.platform.engine.support.hierarchical.NodeTestTask.lambda$executeRecursively$5(NodeTestTask.java:139) ~[junit-platform-engine-1.6.2.jar:1.6.2]
	at org.junit.platform.engine.support.hierarchical.ThrowableCollector.execute(ThrowableCollector.java:73) ~[junit-platform-engine-1.6.2.jar:1.6.2]
	at org.junit.platform.engine.support.hierarchical.NodeTestTask.lambda$executeRecursively$7(NodeTestTask.java:125) ~[junit-platform-engine-1.6.2.jar:1.6.2]
	at org.junit.platform.engine.support.hierarchical.Node.around(Node.java:135) ~[junit-platform-engine-1.6.2.jar:1.6.2]
	at org.junit.platform.engine.support.hierarchical.NodeTestTask.lambda$executeRecursively$8(NodeTestTask.java:123) ~[junit-platform-engine-1.6.2.jar:1.6.2]
	at org.junit.platform.engine.support.hierarchical.ThrowableCollector.execute(ThrowableCollector.java:73) ~[junit-platform-engine-1.6.2.jar:1.6.2]
	at org.junit.platform.engine.support.hierarchical.NodeTestTask.executeRecursively(NodeTestTask.java:122) ~[junit-platform-engine-1.6.2.jar:1.6.2]
	at org.junit.platform.engine.support.hierarchical.NodeTestTask.execute(NodeTestTask.java:80) ~[junit-platform-engine-1.6.2.jar:1.6.2]
	at java.util.ArrayList.forEach(ArrayList.java:1249) ~[na:1.8.0_131]
	at org.junit.platform.engine.support.hierarchical.SameThreadHierarchicalTestExecutorService.invokeAll(SameThreadHierarchicalTestExecutorService.java:38) ~[junit-platform-engine-1.6.2.jar:1.6.2]
	at org.junit.platform.engine.support.hierarchical.NodeTestTask.lambda$executeRecursively$5(NodeTestTask.java:139) ~[junit-platform-engine-1.6.2.jar:1.6.2]
	at org.junit.platform.engine.support.hierarchical.ThrowableCollector.execute(ThrowableCollector.java:73) ~[junit-platform-engine-1.6.2.jar:1.6.2]
	at org.junit.platform.engine.support.hierarchical.NodeTestTask.lambda$executeRecursively$7(NodeTestTask.java:125) ~[junit-platform-engine-1.6.2.jar:1.6.2]
	at org.junit.platform.engine.support.hierarchical.Node.around(Node.java:135) ~[junit-platform-engine-1.6.2.jar:1.6.2]
	at org.junit.platform.engine.support.hierarchical.NodeTestTask.lambda$executeRecursively$8(NodeTestTask.java:123) ~[junit-platform-engine-1.6.2.jar:1.6.2]
	at org.junit.platform.engine.support.hierarchical.ThrowableCollector.execute(ThrowableCollector.java:73) ~[junit-platform-engine-1.6.2.jar:1.6.2]
	at org.junit.platform.engine.support.hierarchical.NodeTestTask.executeRecursively(NodeTestTask.java:122) ~[junit-platform-engine-1.6.2.jar:1.6.2]
	at org.junit.platform.engine.support.hierarchical.NodeTestTask.execute(NodeTestTask.java:80) ~[junit-platform-engine-1.6.2.jar:1.6.2]
	at org.junit.platform.engine.support.hierarchical.SameThreadHierarchicalTestExecutorService.submit(SameThreadHierarchicalTestExecutorService.java:32) ~[junit-platform-engine-1.6.2.jar:1.6.2]
	at org.junit.platform.engine.support.hierarchical.HierarchicalTestExecutor.execute(HierarchicalTestExecutor.java:57) ~[junit-platform-engine-1.6.2.jar:1.6.2]
	at org.junit.platform.engine.support.hierarchical.HierarchicalTestEngine.execute(HierarchicalTestEngine.java:51) ~[junit-platform-engine-1.6.2.jar:1.6.2]
	at org.junit.platform.launcher.core.DefaultLauncher.execute(DefaultLauncher.java:248) ~[junit-platform-launcher-1.6.2.jar:1.6.2]
	at org.junit.platform.launcher.core.DefaultLauncher.lambda$execute$5(DefaultLauncher.java:211) ~[junit-platform-launcher-1.6.2.jar:1.6.2]
	at org.junit.platform.launcher.core.DefaultLauncher.withInterceptedStreams(DefaultLauncher.java:226) ~[junit-platform-launcher-1.6.2.jar:1.6.2]
	at org.junit.platform.launcher.core.DefaultLauncher.execute(DefaultLauncher.java:199) ~[junit-platform-launcher-1.6.2.jar:1.6.2]
	at org.junit.platform.launcher.core.DefaultLauncher.execute(DefaultLauncher.java:132) ~[junit-platform-launcher-1.6.2.jar:1.6.2]
	at com.intellij.junit5.JUnit5IdeaTestRunner.startRunnerWithArgs(JUnit5IdeaTestRunner.java:69) ~[junit5-rt.jar:na]
	at com.intellij.rt.junit.IdeaTestRunner$Repeater.startRunnerWithArgs(IdeaTestRunner.java:33) ~[junit-rt.jar:na]
	at com.intellij.rt.junit.JUnitStarter.prepareStreamsAndStart(JUnitStarter.java:230) ~[junit-rt.jar:na]
	at com.intellij.rt.junit.JUnitStarter.main(JUnitStarter.java:58) ~[junit-rt.jar:na]

2020-10-14 12:50:58.368  INFO 2088 --- [main] com.inet.HcyApplicationTests             : Starting HcyApplicationTests on DESKTOP-TSJVEJ5 with PID 2088 (started by Administrator in D:\3. javaEE\EasyPOI\spring-boot-easy-poi-two)
2020-10-14 12:50:58.369 DEBUG 2088 --- [main] com.inet.HcyApplicationTests             : Running with Spring Boot v2.3.4.RELEASE, Spring v5.2.9.RELEASE
2020-10-14 12:50:58.370  INFO 2088 --- [main] com.inet.HcyApplicationTests             : No active profile set, falling back to default profiles: default
2020-10-14 12:51:00.054  INFO 2088 --- [main] com.inet.HcyApplicationTests             : Started HcyApplicationTests in 1.952 seconds (JVM running for 2.687)
2020-10-14 12:52:24.782  INFO 15432 --- [main] com.inet.HcyApplicationTests             : Starting HcyApplicationTests on DESKTOP-TSJVEJ5 with PID 15432 (started by Administrator in D:\3. javaEE\EasyPOI\spring-boot-easy-poi-two)
2020-10-14 12:52:24.783 DEBUG 15432 --- [main] com.inet.HcyApplicationTests             : Running with Spring Boot v2.3.4.RELEASE, Spring v5.2.9.RELEASE
2020-10-14 12:52:24.783  INFO 15432 --- [main] com.inet.HcyApplicationTests             : No active profile set, falling back to default profiles: default
2020-10-14 12:52:26.373  INFO 15432 --- [main] com.inet.HcyApplicationTests             : Started HcyApplicationTests in 1.811 seconds (JVM running for 2.602)
2020-10-14 12:52:27.270 DEBUG 15432 --- [main] c.i.codebase.mapper.UserMapper.insert    : ==>  Preparing: INSERT INTO tbl_user ( user_address, user_habby, user_identity, user_name, user_birthday ) VALUES ( ?, ?, ?, ?, ? )
2020-10-14 12:52:27.290 DEBUG 15432 --- [main] c.i.codebase.mapper.UserMapper.insert    : ==> Parameters: 上海市普陀区金沙江路 1518 弄(String), 打篮球(String), 2017(String), 张三(String), 2020-10-14 08:49:57.0(Timestamp)
2020-10-14 12:52:27.291 DEBUG 15432 --- [main] c.i.codebase.mapper.UserMapper.insert    : ==> Parameters: 上海市普陀区金沙江路 1518 弄(String), 看书(String), 2016(String), 李四(String), 2020-10-14 20:49:57.0(Timestamp)
2020-10-14 13:03:02.339  INFO 7780 --- [main] com.inet.HcyApplicationTests             : Starting HcyApplicationTests on DESKTOP-TSJVEJ5 with PID 7780 (started by Administrator in D:\3. javaEE\EasyPOI\spring-boot-easy-poi-two)
2020-10-14 13:03:02.340 DEBUG 7780 --- [main] com.inet.HcyApplicationTests             : Running with Spring Boot v2.3.4.RELEASE, Spring v5.2.9.RELEASE
2020-10-14 13:03:02.340  INFO 7780 --- [main] com.inet.HcyApplicationTests             : No active profile set, falling back to default profiles: default
2020-10-14 13:03:04.079  INFO 7780 --- [main] com.inet.HcyApplicationTests             : Started HcyApplicationTests in 1.969 seconds (JVM running for 2.707)
2020-10-14 13:03:04.742 DEBUG 7780 --- [main] c.i.c.mapper.UserMapper.selectList       : ==>  Preparing: SELECT user_id,user_address,user_habby,user_identity,user_name,user_birthday FROM tbl_user
2020-10-14 13:03:04.759 DEBUG 7780 --- [main] c.i.c.mapper.UserMapper.selectList       : ==> Parameters: 
2020-10-14 13:03:04.810 DEBUG 7780 --- [main] c.i.c.mapper.UserMapper.selectList       : <==      Total: 4
